<?xml version="1.0" encoding="utf-8" standalone="no"?>
<test-run id="2" testcasecount="0" result="Failed" label="Invalid" total="0" passed="0" failed="0" inconclusive="0" skipped="0" asserts="0" engine-version="3.4.1.0" clr-version="4.0.30319.42000" start-time="2016-11-04 04:00:45Z" end-time="2016-11-04 04:00:45Z" duration="0.003548">
  <command-line><![CDATA[packages\NUnit.ConsoleRunner.3.4.1\tools\nunit3-console.exe  bin\Debug\ApprovalTests.xml]]></command-line>
  <test-suite type="Assembly" id="0-1" name="ApprovalTests.xml" fullname="Z:\code\training\cs\bin\Debug\ApprovalTests.xml" testcasecount="0" runstate="NotRunnable" result="Failed" label="Invalid">
    <properties>
      <property name="_SKIPREASON" value="File type is not supported" />
    </properties>
    <reason>
      <message>File type is not supported</message>
    </reason>
  </test-suite>
</test-run>